<?xml version="1.0" encoding="UTF-8"?>
<testng-results skipped="0" failed="0" total="1" passed="1">
  <reporter-output>
  </reporter-output>
  <suite name="Default suite" duration-ms="42289" started-at="2021-10-19T03:25:44Z" finished-at="2021-10-19T03:26:27Z">
    <groups>
    </groups>
    <test name="Default test" duration-ms="42289" started-at="2021-10-19T03:25:44Z" finished-at="2021-10-19T03:26:27Z">
      <class name="script.ValidLogin">
        <test-method status="PASS" signature="openApp()[pri:0, instance:script.ValidLogin@47f6473]" name="openApp" is-config="true" duration-ms="27985" started-at="2021-10-19T08:55:44Z" finished-at="2021-10-19T08:56:12Z">
          <reporter-output>
          </reporter-output>
        </test-method> <!-- openApp -->
        <test-method status="PASS" signature="testValidLogin()[pri:1, instance:script.ValidLogin@47f6473]" name="testValidLogin" duration-ms="12688" started-at="2021-10-19T08:56:12Z" finished-at="2021-10-19T08:56:25Z">
          <reporter-output>
          </reporter-output>
        </test-method> <!-- testValidLogin -->
        <test-method status="PASS" signature="closeApp()[pri:0, instance:script.ValidLogin@47f6473]" name="closeApp" is-config="true" duration-ms="1572" started-at="2021-10-19T08:56:25Z" finished-at="2021-10-19T08:56:27Z">
          <reporter-output>
          </reporter-output>
        </test-method> <!-- closeApp -->
      </class> <!-- script.ValidLogin -->
    </test> <!-- Default test -->
  </suite> <!-- Default suite -->
</testng-results>
